<?xml version="1.0" encoding="UTF-8"?>
<!-- Generated by org.testng.reporters.JUnitReportReporter -->
<testsuite hostname="LAPTOP-3LC04UO4" failures="0" tests="9" name="com.runners.CucumberRunner" time="336.593" errors="0" timestamp="2024-11-13T17:23:42 IST" skipped="0">
  <testcase classname="com.runners.CucumberRunner" name="runScenario" time="30.374">
    <system-out>
      <![CDATA[Browser is open and url is navigated
User sucessfully clicked on beautiful homes...
User hovered on design ideas...
User successfully clicked on wardrobe design...
User successfully clicked on modern button ....
User successfully scrolled till wardrobe with combination....
User successfully seen the combination of PU gloss finish and fluted glass shutters page will be dispalyed ...]]>
    </system-out>
  </testcase> <!-- runScenario -->
  <testcase classname="com.runners.CucumberRunner" name="runScenario" time="35.769">
    <system-out>
      <![CDATA[Browser is open and url is navigated
User sucessfully clicked on beautiful homes...
User successfully hoverd on button ....
User successfully clicked on design guide..
Successfuly scrolled upto read more...
User successfully clicked on read more.... ]]>
    </system-out>
  </testcase> <!-- runScenario -->
  <testcase classname="com.runners.CucumberRunner" name="runScenario" time="32.016">
    <system-out>
      <![CDATA[Browser is open and url is navigated
User sucessfully clicked on beautiful homes...
User successfully hoverd on button ....
User successfully selected locations...
User Successfully scrolled till dropdown....]]>
    </system-out>
  </testcase> <!-- runScenario -->
  <testcase classname="com.runners.CucumberRunner" name="runScenario" time="33.317">
    <system-out>
      <![CDATA[Browser is open and url is navigated
User sucessfully clicked on beautiful homes...
User successfully hoverd on button ....
User successfully selected locations...
User Successfully scrolled till dropdown....]]>
    </system-out>
  </testcase> <!-- runScenario -->
  <testcase classname="com.runners.CucumberRunner" name="runScenario" time="37.562">
    <system-out>
      <![CDATA[Browser is open and url is navigated
User sucessfully clicked on beautiful homes...
User hovered on design ideas...
User successfully  clicked on tile design
User successfully scrolled till traditional white and balck ....
User successfully clicked on free estimate button...
User successfully clicked on stores...
User successfully find the store...]]>
    </system-out>
  </testcase> <!-- runScenario -->
  <testcase classname="com.runners.CucumberRunner" name="runScenario" time="38.453">
    <system-out>
      <![CDATA[Browser is open and url is navigated
User sucessfully clicked on beautiful homes...
User hovered on design ideas...
User successfully clicked on balcony designs ...
User successfully clicked on free estimate button...
landed on large balcony......
User successfully clicked on read more link....
User sucessfully scrolled till explore...
User Sucessfully explored all the services..]]>
    </system-out>
  </testcase> <!-- runScenario -->
  <testcase classname="com.runners.CucumberRunner" name="runScenario" time="35.311">
    <system-out>
      <![CDATA[Browser is open and url is navigated
User sucessfully clicked on beautiful homes...
User hovered on design ideas...
User  sucessfully clicked on home desgin ideas...
User successfully clicked on image..
User successfully scrolled till estimate...
User got final output which is get estimate....]]>
    </system-out>
  </testcase> <!-- runScenario -->
  <testcase classname="com.runners.CucumberRunner" name="runScenario" time="50.610">
    <system-out>
      <![CDATA[Browser is open and url is navigated
Successfully Entered the number
Successfully logged in
Successfully logged in]]>
    </system-out>
  </testcase> <!-- runScenario -->
  <testcase classname="com.runners.CucumberRunner" name="runScenario" time="43.181">
    <system-out>
      <![CDATA[Browser is open and url is navigated
User sucessfully clicked on beautiful homes...
User successfully hoverd on button ....
User successfully selected locations...
User Successfully scrolled till dropdown....]]>
    </system-out>
  </testcase> <!-- runScenario -->
  <system-out>
    <![CDATA[Browser is open and url is navigated
User sucessfully clicked on beautiful homes...
User hovered on design ideas...
User successfully clicked on balcony designs ...
User successfully clicked on free estimate button...
landed on large balcony......
User successfully clicked on read more link....
User sucessfully scrolled till explore...
User Sucessfully explored all the services..
Browser is open and url is navigated
User sucessfully clicked on beautiful homes...
User hovered on design ideas...
User  sucessfully clicked on home desgin ideas...
User successfully clicked on image..
User successfully scrolled till estimate...
User got final output which is get estimate....
Browser is open and url is navigated
User sucessfully clicked on beautiful homes...
User successfully hoverd on button ....
User successfully clicked on design guide..
Successfuly scrolled upto read more...
User successfully clicked on read more.... 
Browser is open and url is navigated
Successfully Entered the number
Successfully logged in
Successfully logged in
Browser is open and url is navigated
User sucessfully clicked on beautiful homes...
User successfully hoverd on button ....
User successfully selected locations...
User Successfully scrolled till dropdown....
Browser is open and url is navigated
User sucessfully clicked on beautiful homes...
User successfully hoverd on button ....
User successfully selected locations...
User Successfully scrolled till dropdown....
Browser is open and url is navigated
User sucessfully clicked on beautiful homes...
User successfully hoverd on button ....
User successfully selected locations...
User Successfully scrolled till dropdown....
Browser is open and url is navigated
User sucessfully clicked on beautiful homes...
User hovered on design ideas...
User successfully  clicked on tile design
User successfully scrolled till traditional white and balck ....
User successfully clicked on free estimate button...
User successfully clicked on stores...
User successfully find the store...
Browser is open and url is navigated
User sucessfully clicked on beautiful homes...
User hovered on design ideas...
User successfully clicked on wardrobe design...
User successfully clicked on modern button ....
User successfully scrolled till wardrobe with combination....
User successfully seen the combination of PU gloss finish and fluted glass shutters page will be dispalyed ...]]>
  </system-out>
</testsuite> <!-- com.runners.CucumberRunner -->
